<?xml version="1.0" encoding="UTF-8"?>
<!-- Generated by org.testng.reporters.JUnitXMLReporter -->
<testsuite hostname="Supto" failures="1" tests="4" name="Reports Testing" time="18.268" errors="0" timestamp="21 Feb 2022 06:04:53 GMT">
  <testcase classname="ui.ReportsTest" name="reporterTest1" time="17.937">
    <failure type="java.lang.AssertionError" message="expected [true] but found [false]">
      <![CDATA[java.lang.AssertionError: expected [true] but found [false]
	at ui.ReportsTest.reporterTest1(ReportsTest.java:15)
... Removed 28 stack frames]]>
    </failure>
  </testcase> <!-- reporterTest1 -->
  <testcase classname="ui.ReportsTest" name="reporterTest2" time="0.001"/>
  <testcase classname="ui.ReportsTest" name="reporterTest3" time="0.001"/>
  <testcase classname="ui.ReportsTest" name="reporterTest4" time="0.001"/>
</testsuite> <!-- Reports Testing -->
