<?xml version="1.0" encoding="UTF-8"?>
<!-- Generated by org.testng.reporters.JUnitXMLReporter -->
<testsuite ignored="0" hostname="Supto" failures="0" tests="4" name="Reports Testing" time="17.253" errors="0" timestamp="2022-02-21T01:03:20 BDT">
  <testcase classname="ui.ReportsTest" name="reporterTest1" time="17.218"/>
  <testcase classname="ui.ReportsTest" name="reporterTest2" time="0.002"/>
  <testcase classname="ui.ReportsTest" name="reporterTest3" time="0.001"/>
  <testcase classname="ui.ReportsTest" name="reporterTest4" time="0.003"/>
</testsuite> <!-- Reports Testing -->
