<?xml version="1.0" encoding="UTF-8"?>
<!-- Generated by org.testng.reporters.JUnitXMLReporter -->
<testsuite ignored="0" hostname="Supto" failures="0" tests="4" name="Default test" time="0.056" errors="0" timestamp="2022-02-20T13:35:03 BDT">
  <testcase classname="ui.ReportsTest" name="reporterTest1" time="0.008"/>
  <testcase classname="ui.ReportsTest" name="reporterTest2" time="0.002"/>
  <testcase classname="ui.ReportsTest" name="reporterTest3" time="0.0"/>
  <testcase classname="ui.ReportsTest" name="reporterTest4" time="0.0"/>
</testsuite> <!-- Default test -->
