<?xml version="1.0" encoding="UTF-8"?>
<!-- Generated by org.testng.reporters.JUnitXMLReporter -->
<testsuite ignored="4" hostname="Supto" failures="0" tests="4" name="Regression" time="0.047" errors="0" timestamp="2022-02-18T01:26:05 BDT">
  <testcase classname="ui.GroupDemoTest" name="bTest1" time="0.01"/>
  <testcase classname="ui.GroupDemoTest" name="csignupTest" time="0.002"/>
  <testcase classname="ui.GroupDemoTest" name="bloginTest" time="0.0"/>
  <testcase classname="ui.GroupDemoTest" name="alogoutTest" time="0.001"/>
  <testcase classname="ui.LoginTest" name="alogoutTest" time="0.0">
    <ignored/>
  </testcase> <!-- alogoutTest -->
  <testcase classname="ui.GroupDemoTest" name="bTest2" time="0.0">
    <ignored/>
  </testcase> <!-- bTest2 -->
  <testcase classname="ui.LoginTest" name="csignupTest" time="0.0">
    <ignored/>
  </testcase> <!-- csignupTest -->
  <testcase classname="ui.LoginTest" name="bloginTest" time="0.0">
    <ignored/>
  </testcase> <!-- bloginTest -->
</testsuite> <!-- Regression -->
