<?xml version="1.0" encoding="UTF-8"?>
<!-- Generated by org.testng.reporters.JUnitXMLReporter -->
<testsuite ignored="0" hostname="Supto" failures="0" tests="10" name="Functional Test" time="13.872" errors="0" timestamp="2022-02-18T01:22:38 BDT">
  <testcase classname="ui.LoginTest" name="csignupTest" time="0.004"/>
  <testcase classname="ui.LoginTest" name="bloginTest" time="0.001"/>
  <testcase classname="ui.LoginTest" name="alogoutTest" time="0.001"/>
  <testcase classname="ui.GroupDemoTest" name="bTest1" time="0.0"/>
  <testcase classname="ui.GroupDemoTest" name="bTest2" time="0.0"/>
  <testcase classname="ui.GroupDemoTest" name="csignupTest" time="0.001"/>
  <testcase classname="ui.GroupDemoTest" name="bloginTest" time="0.0"/>
  <testcase classname="ui.GroupDemoTest" name="alogoutTest" time="0.001"/>
  <testcase classname="ui.VeriftyTitleTest" name="titleTest" time="7.025"/>
  <testcase classname="ui.VerifyTitleAndTextTest" name="titleTest" time="6.781"/>
</testsuite> <!-- Functional Test -->
