<?xml version="1.0" encoding="UTF-8"?>
<testng-results total="1" passed="1" failed="0" skipped="0">
  <reporter-output>
  </reporter-output>
  <suite started-at="2022-02-22T09:54:06Z" name="Default suite" finished-at="2022-02-22T09:54:07Z" duration-ms="542">
    <groups>
    </groups>
    <test started-at="2022-02-22T09:54:06Z" name="Default test" finished-at="2022-02-22T09:54:07Z" duration-ms="542">
      <class name="ui.ExtentReportGenerate">
        <test-method signature="extentTest()[pri:0, instance:ui.ExtentReportGenerate@13d4992d]" started-at="2022-02-22T15:54:06Z" name="extentTest" finished-at="2022-02-22T15:54:07Z" duration-ms="527" status="PASS">
          <reporter-output>
          </reporter-output>
        </test-method> <!-- extentTest -->
      </class> <!-- ui.ExtentReportGenerate -->
    </test> <!-- Default test -->
  </suite> <!-- Default suite -->
</testng-results>
