<?xml version="1.0" encoding="UTF-8"?>
<!-- Generated by org.testng.reporters.JUnitXMLReporter -->
<testsuite ignored="0" hostname="Supto" failures="0" tests="5" name="Test Before Suite After Suite" time="0.051" errors="0" timestamp="2022-02-18T14:02:13 BDT">
  <testcase classname="ui.GroupDemoTest2" name="bTest1" time="0.007"/>
  <testcase classname="ui.GroupDemoTest2" name="bTest2" time="0.001"/>
  <testcase classname="ui.GroupDemoTest2" name="csignupTest" time="0.002"/>
  <testcase classname="ui.GroupDemoTest2" name="bloginTest" time="0.002"/>
  <testcase classname="ui.GroupDemoTest2" name="alogoutTest" time="0.001"/>
</testsuite> <!-- Test Before Suite After Suite -->
